<?xml version="1.0" encoding="UTF-8"?>
<testsuite xmlns:xsi="http://www.w3.org/2001/XMLSchema-instance" xsi:noNamespaceSchemaLocation="https://maven.apache.org/surefire/maven-surefire-plugin/xsd/surefire-test-report-3.0.xsd" version="3.0" name="JsonToXmlStreamTest" time="0.23" tests="1" errors="0" skipped="0" failures="0">
  <properties>
[...]
</properties>
  <testcase name="testJsonToXmlTransformation" classname="JsonToXmlStreamTest" time="0.229">
    <system-out><![CDATA[Linking top level mapping to virtual root : Organization
Adding child mapping to parent: CompanyInfo -> Organization
Adding child mapping to parent: CName -> CompanyInfo
Adding child mapping to parent: YearFounded -> CompanyInfo
Adding child mapping to parent: IsPublic -> CompanyInfo
Adding child mapping to parent: Departments -> Organization
Adding child mapping to parent: Department -> Departments
Adding child mapping to parent: DepartmentID -> Department
Adding child mapping to parent: DepartmentName -> Department
Adding child mapping to parent: HeadCount -> Department
Adding child mapping to parent: Status -> Department
Adding child mapping to parent: Employees -> Organization
Adding child mapping to parent: Employee -> Employees
Adding child mapping to parent: EmployeeID -> Employee
Adding child mapping to parent: FullName -> Employee

--- Sorted Mapping Hierarchy ---
Mapping: Root
  Mapping: Organization
    Mapping: CompanyInfo
      Mapping: CName
      Mapping: YearFounded
      Mapping: IsPublic
    Mapping: Departments [COLLECTOR: $.company.mainDepartments[*], $.company.satelliteOffices.departments[*]]
      Mapping: Department
        Mapping: DepartmentID
        Mapping: DepartmentName
        Mapping: HeadCount
        Mapping: Status [DERIVED: if active exists, value=Active]
    Mapping: Employees [COLLECTOR: $.company.staffDirectory[*], $.company]
      Mapping: Employee
        Mapping: EmployeeID
        Mapping: FullName
------------------------------

XML file created successfully!
]]></system-out>
    <system-err><![CDATA[May 10, 2025 12:52:50 PM org.rutz.JsonToXmlSteam processChildMappings
INFO: Processing child mapping: CompanyInfo
May 10, 2025 12:52:50 PM org.rutz.JsonToXmlSteam processChildMappings
INFO: Processing child mapping: Departments
May 10, 2025 12:52:50 PM org.rutz.JsonToXmlSteam processChildMappings
INFO: Processing child mapping: DepartmentID
May 10, 2025 12:52:50 PM org.rutz.JsonToXmlSteam processChildMappings
INFO: Processing child mapping: DepartmentName
May 10, 2025 12:52:50 PM org.rutz.JsonToXmlSteam processChildMappings
INFO: Processing child mapping: HeadCount
May 10, 2025 12:52:50 PM org.rutz.JsonToXmlSteam processChildMappings
INFO: Processing child mapping: Status
May 10, 2025 12:52:50 PM org.rutz.JsonToXmlSteam processChildMappings
INFO: Processing child mapping: DepartmentID
May 10, 2025 12:52:50 PM org.rutz.JsonToXmlSteam processChildMappings
INFO: Processing child mapping: DepartmentName
May 10, 2025 12:52:50 PM org.rutz.JsonToXmlSteam processChildMappings
INFO: Processing child mapping: HeadCount
May 10, 2025 12:52:50 PM org.rutz.JsonToXmlSteam processChildMappings
INFO: Processing child mapping: Status
May 10, 2025 12:52:50 PM org.rutz.JsonToXmlSteam processChildMappings
INFO: Processing child mapping: DepartmentID
May 10, 2025 12:52:50 PM org.rutz.JsonToXmlSteam processChildMappings
INFO: Processing child mapping: DepartmentName
May 10, 2025 12:52:50 PM org.rutz.JsonToXmlSteam processChildMappings
INFO: Processing child mapping: HeadCount
May 10, 2025 12:52:50 PM org.rutz.JsonToXmlSteam processChildMappings
INFO: Processing child mapping: Status
May 10, 2025 12:52:50 PM org.rutz.JsonToXmlSteam processChildMappings
INFO: Processing child mapping: DepartmentID
May 10, 2025 12:52:50 PM org.rutz.JsonToXmlSteam processChildMappings
INFO: Processing child mapping: DepartmentName
May 10, 2025 12:52:50 PM org.rutz.JsonToXmlSteam processChildMappings
INFO: Processing child mapping: HeadCount
May 10, 2025 12:52:50 PM org.rutz.JsonToXmlSteam processChildMappings
INFO: Processing child mapping: Status
May 10, 2025 12:52:50 PM org.rutz.JsonToXmlSteam processChildMappings
INFO: Condition not met for derived field: Status
May 10, 2025 12:52:50 PM org.rutz.JsonToXmlSteam processChildMappings
INFO: Processing child mapping: DepartmentID
May 10, 2025 12:52:50 PM org.rutz.JsonToXmlSteam processChildMappings
INFO: Processing child mapping: DepartmentName
May 10, 2025 12:52:50 PM org.rutz.JsonToXmlSteam processChildMappings
INFO: Processing child mapping: HeadCount
May 10, 2025 12:52:50 PM org.rutz.JsonToXmlSteam processChildMappings
INFO: Processing child mapping: Status
May 10, 2025 12:52:50 PM org.rutz.JsonToXmlSteam processChildMappings
INFO: Condition not met for derived field: Status
May 10, 2025 12:52:50 PM org.rutz.JsonToXmlSteam processChildMappings
INFO: Processing child mapping: Employees
May 10, 2025 12:52:50 PM org.rutz.JsonToXmlSteam processChildMappings
INFO: Processing child mapping: EmployeeID
May 10, 2025 12:52:50 PM org.rutz.JsonToXmlSteam processChildMappings
INFO: Processing child mapping: FullName
May 10, 2025 12:52:50 PM org.rutz.JsonToXmlSteam processChildMappings
INFO: Processing child mapping: EmployeeID
May 10, 2025 12:52:50 PM org.rutz.JsonToXmlSteam processChildMappings
INFO: Processing child mapping: FullName
May 10, 2025 12:52:50 PM org.rutz.JsonToXmlSteam processChildMappings
INFO: Processing child mapping: EmployeeID
May 10, 2025 12:52:50 PM org.rutz.JsonToXmlSteam processChildMappings
INFO: Processing child mapping: FullName
May 10, 2025 12:52:50 PM org.rutz.JsonToXmlSteam processChildMappings
INFO: Processing child mapping: EmployeeID
May 10, 2025 12:52:50 PM org.rutz.JsonToXmlSteam processChildMappings
INFO: Child node missing for: EmployeeID
May 10, 2025 12:52:50 PM org.rutz.JsonToXmlSteam processChildMappings
INFO: Processing child mapping: FullName
May 10, 2025 12:52:50 PM org.rutz.JsonToXmlSteam processChildMappings
INFO: Child node missing for: FullName
]]></system-err>
  </testcase>
</testsuite>