<?xml version="1.0" encoding="UTF-8"?>
<testsuite xmlns:xsi="http://www.w3.org/2001/XMLSchema-instance" xsi:noNamespaceSchemaLocation="https://maven.apache.org/surefire/maven-surefire-plugin/xsd/surefire-test-report-3.0.xsd" version="3.0" name="org.rutz.CollectorMappingTest" time="0.209" tests="1" errors="0" skipped="0" failures="1">
  <properties>
[...]
</properties>
  <testcase name="testCollectorMappingTransformation" classname="org.rutz.CollectorMappingTest" time="0.2">
    <failure message="Company name should match ==&gt; expected: &lt;TechCorp Global&gt; but was: &lt;&gt;" type="org.opentest4j.AssertionFailedError"><![CDATA[org.opentest4j.AssertionFailedError: Company name should match ==> expected: <TechCorp Global> but was: <>
	at org.junit.jupiter.api.AssertionFailureBuilder.build(AssertionFailureBuilder.java:151)
	at org.junit.jupiter.api.AssertionFailureBuilder.buildAndThrow(AssertionFailureBuilder.java:132)
	at org.junit.jupiter.api.AssertEquals.failNotEqual(AssertEquals.java:197)
	at org.junit.jupiter.api.AssertEquals.assertEquals(AssertEquals.java:182)
	at org.junit.jupiter.api.Assertions.assertEquals(Assertions.java:1153)
	at org.rutz.CollectorMappingTest.testCollectorMappingTransformation(CollectorMappingTest.java:93)
	at java.base/jdk.internal.reflect.NativeMethodAccessorImpl.invoke0(Native Method)
	at java.base/jdk.internal.reflect.NativeMethodAccessorImpl.invoke(NativeMethodAccessorImpl.java:77)
	at java.base/jdk.internal.reflect.DelegatingMethodAccessorImpl.invoke(DelegatingMethodAccessorImpl.java:43)
	at java.base/java.lang.reflect.Method.invoke(Method.java:569)
	at org.junit.platform.commons.util.ReflectionUtils.invokeMethod(ReflectionUtils.java:727)
	at org.junit.jupiter.engine.execution.MethodInvocation.proceed(MethodInvocation.java:60)
	at org.junit.jupiter.engine.execution.InvocationInterceptorChain$ValidatingInvocation.proceed(InvocationInterceptorChain.java:131)
	at org.junit.jupiter.engine.extension.TimeoutExtension.intercept(TimeoutExtension.java:156)
	at org.junit.jupiter.engine.extension.TimeoutExtension.interceptTestableMethod(TimeoutExtension.java:147)
	at org.junit.jupiter.engine.extension.TimeoutExtension.interceptTestMethod(TimeoutExtension.java:86)
	at org.junit.jupiter.engine.execution.InterceptingExecutableInvoker$ReflectiveInterceptorCall.lambda$ofVoidMethod$0(InterceptingExecutableInvoker.java:103)
	at org.junit.jupiter.engine.execution.InterceptingExecutableInvoker.lambda$invoke$0(InterceptingExecutableInvoker.java:93)
	at org.junit.jupiter.engine.execution.InvocationInterceptorChain$InterceptedInvocation.proceed(InvocationInterceptorChain.java:106)
	at org.junit.jupiter.engine.execution.InvocationInterceptorChain.proceed(InvocationInterceptorChain.java:64)
	at org.junit.jupiter.engine.execution.InvocationInterceptorChain.chainAndInvoke(InvocationInterceptorChain.java:45)
	at org.junit.jupiter.engine.execution.InvocationInterceptorChain.invoke(InvocationInterceptorChain.java:37)
	at org.junit.jupiter.engine.execution.InterceptingExecutableInvoker.invoke(InterceptingExecutableInvoker.java:92)
	at org.junit.jupiter.engine.execution.InterceptingExecutableInvoker.invoke(InterceptingExecutableInvoker.java:86)
	at org.junit.jupiter.engine.descriptor.TestMethodTestDescriptor.lambda$invokeTestMethod$7(TestMethodTestDescriptor.java:217)
	at org.junit.platform.engine.support.hierarchical.ThrowableCollector.execute(ThrowableCollector.java:73)
	at org.junit.jupiter.engine.descriptor.TestMethodTestDescriptor.invokeTestMethod(TestMethodTestDescriptor.java:213)
	at org.junit.jupiter.engine.descriptor.TestMethodTestDescriptor.execute(TestMethodTestDescriptor.java:138)
	at org.junit.jupiter.engine.descriptor.TestMethodTestDescriptor.execute(TestMethodTestDescriptor.java:68)
	at org.junit.platform.engine.support.hierarchical.NodeTestTask.lambda$executeRecursively$6(NodeTestTask.java:151)
	at org.junit.platform.engine.support.hierarchical.ThrowableCollector.execute(ThrowableCollector.java:73)
	at org.junit.platform.engine.support.hierarchical.NodeTestTask.lambda$executeRecursively$8(NodeTestTask.java:141)
	at org.junit.platform.engine.support.hierarchical.Node.around(Node.java:137)
	at org.junit.platform.engine.support.hierarchical.NodeTestTask.lambda$executeRecursively$9(NodeTestTask.java:139)
	at org.junit.platform.engine.support.hierarchical.ThrowableCollector.execute(ThrowableCollector.java:73)
	at org.junit.platform.engine.support.hierarchical.NodeTestTask.executeRecursively(NodeTestTask.java:138)
	at org.junit.platform.engine.support.hierarchical.NodeTestTask.execute(NodeTestTask.java:95)
	at java.base/java.util.ArrayList.forEach(ArrayList.java:1511)
	at org.junit.platform.engine.support.hierarchical.SameThreadHierarchicalTestExecutorService.invokeAll(SameThreadHierarchicalTestExecutorService.java:41)
	at org.junit.platform.engine.support.hierarchical.NodeTestTask.lambda$executeRecursively$6(NodeTestTask.java:155)
	at org.junit.platform.engine.support.hierarchical.ThrowableCollector.execute(ThrowableCollector.java:73)
	at org.junit.platform.engine.support.hierarchical.NodeTestTask.lambda$executeRecursively$8(NodeTestTask.java:141)
	at org.junit.platform.engine.support.hierarchical.Node.around(Node.java:137)
	at org.junit.platform.engine.support.hierarchical.NodeTestTask.lambda$executeRecursively$9(NodeTestTask.java:139)
	at org.junit.platform.engine.support.hierarchical.ThrowableCollector.execute(ThrowableCollector.java:73)
	at org.junit.platform.engine.support.hierarchical.NodeTestTask.executeRecursively(NodeTestTask.java:138)
	at org.junit.platform.engine.support.hierarchical.NodeTestTask.execute(NodeTestTask.java:95)
	at java.base/java.util.ArrayList.forEach(ArrayList.java:1511)
	at org.junit.platform.engine.support.hierarchical.SameThreadHierarchicalTestExecutorService.invokeAll(SameThreadHierarchicalTestExecutorService.java:41)
	at org.junit.platform.engine.support.hierarchical.NodeTestTask.lambda$executeRecursively$6(NodeTestTask.java:155)
	at org.junit.platform.engine.support.hierarchical.ThrowableCollector.execute(ThrowableCollector.java:73)
	at org.junit.platform.engine.support.hierarchical.NodeTestTask.lambda$executeRecursively$8(NodeTestTask.java:141)
	at org.junit.platform.engine.support.hierarchical.Node.around(Node.java:137)
	at org.junit.platform.engine.support.hierarchical.NodeTestTask.lambda$executeRecursively$9(NodeTestTask.java:139)
	at org.junit.platform.engine.support.hierarchical.ThrowableCollector.execute(ThrowableCollector.java:73)
	at org.junit.platform.engine.support.hierarchical.NodeTestTask.executeRecursively(NodeTestTask.java:138)
	at org.junit.platform.engine.support.hierarchical.NodeTestTask.execute(NodeTestTask.java:95)
	at org.junit.platform.engine.support.hierarchical.SameThreadHierarchicalTestExecutorService.submit(SameThreadHierarchicalTestExecutorService.java:35)
	at org.junit.platform.engine.support.hierarchical.HierarchicalTestExecutor.execute(HierarchicalTestExecutor.java:57)
	at org.junit.platform.engine.support.hierarchical.HierarchicalTestEngine.execute(HierarchicalTestEngine.java:54)
	at org.junit.platform.launcher.core.EngineExecutionOrchestrator.execute(EngineExecutionOrchestrator.java:147)
	at org.junit.platform.launcher.core.EngineExecutionOrchestrator.execute(EngineExecutionOrchestrator.java:127)
	at org.junit.platform.launcher.core.EngineExecutionOrchestrator.execute(EngineExecutionOrchestrator.java:90)
	at org.junit.platform.launcher.core.EngineExecutionOrchestrator.lambda$execute$0(EngineExecutionOrchestrator.java:55)
	at org.junit.platform.launcher.core.EngineExecutionOrchestrator.withInterceptedStreams(EngineExecutionOrchestrator.java:102)
	at org.junit.platform.launcher.core.EngineExecutionOrchestrator.execute(EngineExecutionOrchestrator.java:54)
	at org.junit.platform.launcher.core.DefaultLauncher.execute(DefaultLauncher.java:114)
	at org.junit.platform.launcher.core.DefaultLauncher.execute(DefaultLauncher.java:86)
	at org.junit.platform.launcher.core.DefaultLauncherSession$DelegatingLauncher.execute(DefaultLauncherSession.java:86)
	at org.apache.maven.surefire.junitplatform.LazyLauncher.execute(LazyLauncher.java:55)
	at org.apache.maven.surefire.junitplatform.JUnitPlatformProvider.execute(JUnitPlatformProvider.java:223)
	at org.apache.maven.surefire.junitplatform.JUnitPlatformProvider.invokeAllTests(JUnitPlatformProvider.java:175)
	at org.apache.maven.surefire.junitplatform.JUnitPlatformProvider.invoke(JUnitPlatformProvider.java:139)
	at org.apache.maven.surefire.booter.ForkedBooter.runSuitesInProcess(ForkedBooter.java:456)
	at org.apache.maven.surefire.booter.ForkedBooter.execute(ForkedBooter.java:169)
	at org.apache.maven.surefire.booter.ForkedBooter.run(ForkedBooter.java:595)
	at org.apache.maven.surefire.booter.ForkedBooter.main(ForkedBooter.java:581)
]]></failure>
    <system-out><![CDATA[Linking top level mapping to virtual root : Organization
Adding child mapping to parent: CompanyInfo -> Organization
Adding child mapping to parent: Name -> CompanyInfo
Adding child mapping to parent: YearFounded -> CompanyInfo
Adding child mapping to parent: IsPublic -> CompanyInfo
Adding child mapping to parent: Departments -> Organization
Adding child mapping to parent: Department -> Departments
Adding child mapping to parent: DepartmentID -> Department
Adding child mapping to parent: DepartmentName -> Department
Adding child mapping to parent: HeadCount -> Department
Adding child mapping to parent: Status -> Department
Adding child mapping to parent: Employees -> Organization
Adding child mapping to parent: Employee -> Employees
Adding child mapping to parent: EmployeeID -> Employee
Adding child mapping to parent: FullName -> Employee
Adding child mapping to parent: JobTitle -> Employee
Adding child mapping to parent: StaffType -> Employee
Adding child mapping to parent: Locations -> Organization
Adding child mapping to parent: Office -> Locations
Adding child mapping to parent: Capacity -> Office
Adding child mapping to parent: Address -> Office
Adding child mapping to parent: Street -> Address
Adding child mapping to parent: City -> Address
Adding child mapping to parent: State -> Address
Adding child mapping to parent: ZipCode -> Address
Adding child mapping to parent: Projects -> Organization
Adding child mapping to parent: Project -> Projects
Adding child mapping to parent: Code -> Project
Adding child mapping to parent: Manager -> Project
Adding child mapping to parent: Deadline -> Project
Adding child mapping to parent: CompletionDate -> Project
Adding child mapping to parent: Priority -> Project

--- Sorted Mapping Hierarchy ---
Mapping: Root
  Mapping: Organization
    Mapping: CompanyInfo
      Mapping: Name
      Mapping: YearFounded
      Mapping: IsPublic
    Mapping: Departments [COLLECTOR: $.company.mainDepartments[*], $.company.satelliteOffices.departments[*]]
      Mapping: Department
        Mapping: DepartmentID
        Mapping: DepartmentName
        Mapping: HeadCount
        Mapping: Status [DERIVED: if active exists, value=Active]
    Mapping: Employees [COLLECTOR: $.company.staffDirectory[*], $.company.contractStaff[*]]
      Mapping: Employee
        Mapping: EmployeeID
        Mapping: FullName
        Mapping: JobTitle
        Mapping: StaffType [DERIVED: if department exists, value=Regular]
    Mapping: Locations [COLLECTOR: $.company.offices[*]]
      Mapping: Office
        Mapping: Capacity
        Mapping: Address
          Mapping: Street
          Mapping: City
          Mapping: State
          Mapping: ZipCode
    Mapping: Projects [COLLECTOR: $.company.projects.active[*], $.company.projects.upcoming[*], $.company.projects.completed[*]]
      Mapping: Project
        Mapping: Code
        Mapping: Manager
        Mapping: Deadline
        Mapping: CompletionDate
        Mapping: Priority
------------------------------

]]></system-out>
    <system-err><![CDATA[May 10, 2025 12:52:50 PM org.rutz.JsonToXmlSteam processChildMappings
INFO: Processing child mapping: CompanyInfo
May 10, 2025 12:52:50 PM org.rutz.JsonToXmlSteam processChildMappings
INFO: Processing child mapping: Departments
May 10, 2025 12:52:50 PM org.rutz.JsonToXmlSteam processChildMappings
INFO: Processing child mapping: DepartmentID
May 10, 2025 12:52:50 PM org.rutz.JsonToXmlSteam processChildMappings
INFO: Processing child mapping: DepartmentName
May 10, 2025 12:52:50 PM org.rutz.JsonToXmlSteam processChildMappings
INFO: Processing child mapping: HeadCount
May 10, 2025 12:52:50 PM org.rutz.JsonToXmlSteam processChildMappings
INFO: Processing child mapping: Status
May 10, 2025 12:52:50 PM org.rutz.JsonToXmlSteam processChildMappings
INFO: Processing child mapping: DepartmentID
May 10, 2025 12:52:50 PM org.rutz.JsonToXmlSteam processChildMappings
INFO: Processing child mapping: DepartmentName
May 10, 2025 12:52:50 PM org.rutz.JsonToXmlSteam processChildMappings
INFO: Processing child mapping: HeadCount
May 10, 2025 12:52:50 PM org.rutz.JsonToXmlSteam processChildMappings
INFO: Processing child mapping: Status
May 10, 2025 12:52:50 PM org.rutz.JsonToXmlSteam processChildMappings
INFO: Processing child mapping: DepartmentID
May 10, 2025 12:52:50 PM org.rutz.JsonToXmlSteam processChildMappings
INFO: Processing child mapping: DepartmentName
May 10, 2025 12:52:50 PM org.rutz.JsonToXmlSteam processChildMappings
INFO: Processing child mapping: HeadCount
May 10, 2025 12:52:50 PM org.rutz.JsonToXmlSteam processChildMappings
INFO: Processing child mapping: Status
May 10, 2025 12:52:50 PM org.rutz.JsonToXmlSteam processChildMappings
INFO: Processing child mapping: DepartmentID
May 10, 2025 12:52:50 PM org.rutz.JsonToXmlSteam processChildMappings
INFO: Processing child mapping: DepartmentName
May 10, 2025 12:52:50 PM org.rutz.JsonToXmlSteam processChildMappings
INFO: Processing child mapping: HeadCount
May 10, 2025 12:52:50 PM org.rutz.JsonToXmlSteam processChildMappings
INFO: Processing child mapping: Status
May 10, 2025 12:52:50 PM org.rutz.JsonToXmlSteam processChildMappings
INFO: Processing child mapping: DepartmentID
May 10, 2025 12:52:50 PM org.rutz.JsonToXmlSteam processChildMappings
INFO: Processing child mapping: DepartmentName
May 10, 2025 12:52:50 PM org.rutz.JsonToXmlSteam processChildMappings
INFO: Processing child mapping: HeadCount
May 10, 2025 12:52:50 PM org.rutz.JsonToXmlSteam processChildMappings
INFO: Processing child mapping: Status
May 10, 2025 12:52:50 PM org.rutz.JsonToXmlSteam processChildMappings
INFO: Processing child mapping: Employees
May 10, 2025 12:52:50 PM org.rutz.JsonToXmlSteam processChildMappings
INFO: Processing child mapping: EmployeeID
May 10, 2025 12:52:50 PM org.rutz.JsonToXmlSteam processChildMappings
INFO: Processing child mapping: FullName
May 10, 2025 12:52:50 PM org.rutz.JsonToXmlSteam processChildMappings
INFO: Processing child mapping: JobTitle
May 10, 2025 12:52:50 PM org.rutz.JsonToXmlSteam processChildMappings
INFO: Processing child mapping: StaffType
May 10, 2025 12:52:50 PM org.rutz.JsonToXmlSteam processChildMappings
INFO: Processing child mapping: EmployeeID
May 10, 2025 12:52:50 PM org.rutz.JsonToXmlSteam processChildMappings
INFO: Processing child mapping: FullName
May 10, 2025 12:52:50 PM org.rutz.JsonToXmlSteam processChildMappings
INFO: Processing child mapping: JobTitle
May 10, 2025 12:52:50 PM org.rutz.JsonToXmlSteam processChildMappings
INFO: Processing child mapping: StaffType
May 10, 2025 12:52:50 PM org.rutz.JsonToXmlSteam processChildMappings
INFO: Processing child mapping: EmployeeID
May 10, 2025 12:52:50 PM org.rutz.JsonToXmlSteam processChildMappings
INFO: Processing child mapping: FullName
May 10, 2025 12:52:50 PM org.rutz.JsonToXmlSteam processChildMappings
INFO: Processing child mapping: JobTitle
May 10, 2025 12:52:50 PM org.rutz.JsonToXmlSteam processChildMappings
INFO: Processing child mapping: StaffType
May 10, 2025 12:52:50 PM org.rutz.JsonToXmlSteam processChildMappings
INFO: Processing child mapping: EmployeeID
May 10, 2025 12:52:50 PM org.rutz.JsonToXmlSteam processChildMappings
INFO: Processing child mapping: FullName
May 10, 2025 12:52:50 PM org.rutz.JsonToXmlSteam processChildMappings
INFO: Processing child mapping: JobTitle
May 10, 2025 12:52:50 PM org.rutz.JsonToXmlSteam processChildMappings
INFO: Processing child mapping: StaffType
May 10, 2025 12:52:50 PM org.rutz.JsonToXmlSteam processChildMappings
INFO: Condition not met for derived field: StaffType
May 10, 2025 12:52:50 PM org.rutz.JsonToXmlSteam processChildMappings
INFO: Processing child mapping: EmployeeID
May 10, 2025 12:52:50 PM org.rutz.JsonToXmlSteam processChildMappings
INFO: Processing child mapping: FullName
May 10, 2025 12:52:50 PM org.rutz.JsonToXmlSteam processChildMappings
INFO: Processing child mapping: JobTitle
May 10, 2025 12:52:50 PM org.rutz.JsonToXmlSteam processChildMappings
INFO: Processing child mapping: StaffType
May 10, 2025 12:52:50 PM org.rutz.JsonToXmlSteam processChildMappings
INFO: Condition not met for derived field: StaffType
May 10, 2025 12:52:50 PM org.rutz.JsonToXmlSteam processChildMappings
INFO: Processing child mapping: Locations
May 10, 2025 12:52:50 PM org.rutz.JsonToXmlSteam processChildMappings
INFO: Processing child mapping: Capacity
May 10, 2025 12:52:50 PM org.rutz.JsonToXmlSteam processChildMappings
INFO: Processing child mapping: Address
May 10, 2025 12:52:50 PM org.rutz.JsonToXmlSteam processChildMappings
INFO: Processing child mapping: Capacity
May 10, 2025 12:52:50 PM org.rutz.JsonToXmlSteam processChildMappings
INFO: Processing child mapping: Address
May 10, 2025 12:52:50 PM org.rutz.JsonToXmlSteam processChildMappings
INFO: Processing child mapping: Capacity
May 10, 2025 12:52:50 PM org.rutz.JsonToXmlSteam processChildMappings
INFO: Processing child mapping: Address
May 10, 2025 12:52:50 PM org.rutz.JsonToXmlSteam processChildMappings
INFO: Processing child mapping: Projects
May 10, 2025 12:52:50 PM org.rutz.JsonToXmlSteam processChildMappings
INFO: Processing child mapping: Code
May 10, 2025 12:52:50 PM org.rutz.JsonToXmlSteam processChildMappings
INFO: Processing child mapping: Manager
May 10, 2025 12:52:50 PM org.rutz.JsonToXmlSteam processChildMappings
INFO: Processing child mapping: Deadline
May 10, 2025 12:52:50 PM org.rutz.JsonToXmlSteam processChildMappings
INFO: Processing child mapping: CompletionDate
May 10, 2025 12:52:50 PM org.rutz.JsonToXmlSteam processChildMappings
INFO: Child node missing for: CompletionDate
May 10, 2025 12:52:50 PM org.rutz.JsonToXmlSteam processChildMappings
INFO: Processing child mapping: Priority
May 10, 2025 12:52:50 PM org.rutz.JsonToXmlSteam processChildMappings
INFO: Processing child mapping: Code
May 10, 2025 12:52:50 PM org.rutz.JsonToXmlSteam processChildMappings
INFO: Processing child mapping: Manager
May 10, 2025 12:52:50 PM org.rutz.JsonToXmlSteam processChildMappings
INFO: Processing child mapping: Deadline
May 10, 2025 12:52:50 PM org.rutz.JsonToXmlSteam processChildMappings
INFO: Processing child mapping: CompletionDate
May 10, 2025 12:52:50 PM org.rutz.JsonToXmlSteam processChildMappings
INFO: Child node missing for: CompletionDate
May 10, 2025 12:52:50 PM org.rutz.JsonToXmlSteam processChildMappings
INFO: Processing child mapping: Priority
May 10, 2025 12:52:50 PM org.rutz.JsonToXmlSteam processChildMappings
INFO: Processing child mapping: Code
May 10, 2025 12:52:50 PM org.rutz.JsonToXmlSteam processChildMappings
INFO: Processing child mapping: Manager
May 10, 2025 12:52:50 PM org.rutz.JsonToXmlSteam processChildMappings
INFO: Processing child mapping: Deadline
May 10, 2025 12:52:50 PM org.rutz.JsonToXmlSteam processChildMappings
INFO: Processing child mapping: CompletionDate
May 10, 2025 12:52:50 PM org.rutz.JsonToXmlSteam processChildMappings
INFO: Child node missing for: CompletionDate
May 10, 2025 12:52:50 PM org.rutz.JsonToXmlSteam processChildMappings
INFO: Processing child mapping: Priority
May 10, 2025 12:52:50 PM org.rutz.JsonToXmlSteam processChildMappings
INFO: Processing child mapping: Code
May 10, 2025 12:52:50 PM org.rutz.JsonToXmlSteam processChildMappings
INFO: Processing child mapping: Manager
May 10, 2025 12:52:50 PM org.rutz.JsonToXmlSteam processChildMappings
INFO: Processing child mapping: Deadline
May 10, 2025 12:52:50 PM org.rutz.JsonToXmlSteam processChildMappings
INFO: Child node missing for: Deadline
May 10, 2025 12:52:50 PM org.rutz.JsonToXmlSteam processChildMappings
INFO: Processing child mapping: CompletionDate
May 10, 2025 12:52:50 PM org.rutz.JsonToXmlSteam processChildMappings
INFO: Processing child mapping: Priority
May 10, 2025 12:52:50 PM org.rutz.JsonToXmlSteam processChildMappings
INFO: Child node missing for: Priority
]]></system-err>
  </testcase>
</testsuite>